<?xml version="1.0" encoding="UTF-8"?>
<testsuite name="ResistorColorTest" tests="4" skipped="0" failures="0" errors="0" timestamp="2023-12-27T19:36:12" hostname="Gouravs-MacBook-Air.local" time="0.03">
  <properties/>
  <testcase name="testWhiteColorCode" classname="ResistorColorTest" time="0.024"/>
  <testcase name="testColors" classname="ResistorColorTest" time="0.005"/>
  <testcase name="testBlackColorCode" classname="ResistorColorTest" time="0.0"/>
  <testcase name="testOrangeColorCode" classname="ResistorColorTest" time="0.0"/>
  <system-out><![CDATA[black
brown
red
orange
yellow
green
blue
violet
grey
white
]]></system-out>
  <system-err><![CDATA[]]></system-err>
</testsuite>
