<?xml version="1.0" encoding="UTF-8"?>
<testsuite name="SimpleLinkedListTest" tests="7" skipped="0" failures="0" errors="0" timestamp="2023-12-28T11:22:24" hostname="Gouravs-MacBook-Air.local" time="0.03">
  <properties/>
  <testcase name="canReturnListAsArray" classname="SimpleLinkedListTest" time="0.025"/>
  <testcase name="reverseReversesList" classname="SimpleLinkedListTest" time="0.002"/>
  <testcase name="canCreateFromArray" classname="SimpleLinkedListTest" time="0.001"/>
  <testcase name="canReturnEmptyListAsEmptyArray" classname="SimpleLinkedListTest" time="0.0"/>
  <testcase name="popOnEmptyListWillThrow" classname="SimpleLinkedListTest" time="0.001"/>
  <testcase name="popReturnsLastAddedElement" classname="SimpleLinkedListTest" time="0.0"/>
  <testcase name="aNewListIsEmpty" classname="SimpleLinkedListTest" time="0.0"/>
  <system-out><![CDATA[]]></system-out>
  <system-err><![CDATA[]]></system-err>
</testsuite>
